Determining if the function sgemm_ exists failed with the following output:
Change Dir: /root/NGT/build/CMakeFiles/CMakeTmp

Run Build Command(s):/usr/bin/gmake -f Makefile cmTC_3bea0/fast && /usr/bin/gmake  -f CMakeFiles/cmTC_3bea0.dir/build.make CMakeFiles/cmTC_3bea0.dir/build
gmake[1]: Entering directory '/root/NGT/build/CMakeFiles/CMakeTmp'
Building C object CMakeFiles/cmTC_3bea0.dir/CheckFunctionExists.c.o
/usr/bin/cc   -DCHECK_FUNCTION_EXISTS=sgemm_ -o CMakeFiles/cmTC_3bea0.dir/CheckFunctionExists.c.o -c /usr/share/cmake-3.22/Modules/CheckFunctionExists.c
Linking C executable cmTC_3bea0
/usr/bin/cmake -E cmake_link_script CMakeFiles/cmTC_3bea0.dir/link.txt --verbose=1
/usr/bin/cc  -DCHECK_FUNCTION_EXISTS=sgemm_ -rdynamic CMakeFiles/cmTC_3bea0.dir/CheckFunctionExists.c.o -o cmTC_3bea0 
/usr/bin/ld: CMakeFiles/cmTC_3bea0.dir/CheckFunctionExists.c.o: in function `main':
CheckFunctionExists.c:(.text+0x14): undefined reference to `sgemm_'
collect2: error: ld returned 1 exit status
gmake[1]: *** [CMakeFiles/cmTC_3bea0.dir/build.make:99: cmTC_3bea0] Error 1
gmake[1]: Leaving directory '/root/NGT/build/CMakeFiles/CMakeTmp'
gmake: *** [Makefile:127: cmTC_3bea0/fast] Error 2



Determining if the function cheev_ exists failed with the following output:
Change Dir: /root/NGT/build/CMakeFiles/CMakeTmp

Run Build Command(s):/usr/bin/gmake -f Makefile cmTC_7d8cf/fast && /usr/bin/gmake  -f CMakeFiles/cmTC_7d8cf.dir/build.make CMakeFiles/cmTC_7d8cf.dir/build
gmake[1]: Entering directory '/root/NGT/build/CMakeFiles/CMakeTmp'
Building C object CMakeFiles/cmTC_7d8cf.dir/CheckFunctionExists.c.o
/usr/bin/cc   -DCHECK_FUNCTION_EXISTS=cheev_ -o CMakeFiles/cmTC_7d8cf.dir/CheckFunctionExists.c.o -c /usr/share/cmake-3.22/Modules/CheckFunctionExists.c
Linking C executable cmTC_7d8cf
/usr/bin/cmake -E cmake_link_script CMakeFiles/cmTC_7d8cf.dir/link.txt --verbose=1
/usr/bin/cc  -DCHECK_FUNCTION_EXISTS=cheev_ -rdynamic CMakeFiles/cmTC_7d8cf.dir/CheckFunctionExists.c.o -o cmTC_7d8cf  /usr/lib/x86_64-linux-gnu/libblas.so -lm -ldl 
/usr/bin/ld: CMakeFiles/cmTC_7d8cf.dir/CheckFunctionExists.c.o: in function `main':
CheckFunctionExists.c:(.text+0x14): undefined reference to `cheev_'
collect2: error: ld returned 1 exit status
gmake[1]: *** [CMakeFiles/cmTC_7d8cf.dir/build.make:100: cmTC_7d8cf] Error 1
gmake[1]: Leaving directory '/root/NGT/build/CMakeFiles/CMakeTmp'
gmake: *** [Makefile:127: cmTC_7d8cf/fast] Error 2



Determining if the function cheev_ exists failed with the following output:
Change Dir: /root/NGT/build/CMakeFiles/CMakeTmp

Run Build Command(s):/usr/bin/gmake -f Makefile cmTC_43398/fast && /usr/bin/gmake  -f CMakeFiles/cmTC_43398.dir/build.make CMakeFiles/cmTC_43398.dir/build
gmake[1]: Entering directory '/root/NGT/build/CMakeFiles/CMakeTmp'
Building C object CMakeFiles/cmTC_43398.dir/CheckFunctionExists.c.o
/usr/bin/cc   -DCHECK_FUNCTION_EXISTS=cheev_ -o CMakeFiles/cmTC_43398.dir/CheckFunctionExists.c.o -c /usr/share/cmake-3.22/Modules/CheckFunctionExists.c
Linking C executable cmTC_43398
/usr/bin/cmake -E cmake_link_script CMakeFiles/cmTC_43398.dir/link.txt --verbose=1
/usr/bin/cc  -DCHECK_FUNCTION_EXISTS=cheev_ -rdynamic CMakeFiles/cmTC_43398.dir/CheckFunctionExists.c.o -o cmTC_43398  /usr/lib/x86_64-linux-gnu/liblapack.so /usr/lib/x86_64-linux-gnu/libblas.so -fortranlibs 
cc: error: unrecognized command-line option ‘-fortranlibs’
gmake[1]: *** [CMakeFiles/cmTC_43398.dir/build.make:101: cmTC_43398] Error 1
gmake[1]: Leaving directory '/root/NGT/build/CMakeFiles/CMakeTmp'
gmake: *** [Makefile:127: cmTC_43398/fast] Error 2



